<?xml version="1.0" encoding="UTF-8"?>
<coverage generated="1729211047679" clover="3.2.0">
  <project timestamp="1729211047679" name="All files">
    <metrics statements="2" coveredstatements="2" conditionals="0" coveredconditionals="0" methods="0" coveredmethods="0" elements="2" coveredelements="2" complexity="0" loc="2" ncloc="2" packages="1" files="1" classes="1"/>
    <file name="UserDto.ts" path="/Users/print/Documents/projects/e-commerce/server/src/application/validate/UserDto.ts">
      <metrics statements="2" coveredstatements="2" conditionals="0" coveredconditionals="0" methods="0" coveredmethods="0"/>
      <line num="1" count="1" type="stmt"/>
      <line num="3" count="1" type="stmt"/>
    </file>
  </project>
</coverage>
