{"/home/toxicboy/Documents/projects/e-commerce/src/application/validate/AddressDto.ts": {"path":"/home/toxicboy/Documents/projects/e-commerce/src/application/validate/AddressDto.ts","statementMap":{"0":{"start":{"line":1,"column":0},"end":{"line":1,"column":23}},"1":{"start":{"line":3,"column":13},"end":{"line":11,"column":3}},"2":{"start":{"line":7,"column":44},"end":{"line":7,"column":70}}},"fnMap":{"0":{"name":"(anonymous_0)","decl":{"start":{"line":7,"column":35},"end":{"line":7,"column":36}},"loc":{"start":{"line":7,"column":44},"end":{"line":7,"column":70}}}},"branchMap":{},"s":{"0":2,"1":2,"2":6},"f":{"0":6},"b":{}}
,"/home/toxicboy/Documents/projects/e-commerce/src/application/validate/LoginDto.ts": {"path":"/home/toxicboy/Documents/projects/e-commerce/src/application/validate/LoginDto.ts","statementMap":{"0":{"start":{"line":1,"column":0},"end":{"line":1,"column":23}},"1":{"start":{"line":3,"column":13},"end":{"line":6,"column":null}}},"fnMap":{},"branchMap":{},"s":{"0":1,"1":1},"f":{},"b":{}}
,"/home/toxicboy/Documents/projects/e-commerce/src/application/validate/QueryDto.ts": {"path":"/home/toxicboy/Documents/projects/e-commerce/src/application/validate/QueryDto.ts","statementMap":{"0":{"start":{"line":1,"column":0},"end":{"line":1,"column":23}},"1":{"start":{"line":3,"column":13},"end":{"line":27,"column":3}},"2":{"start":{"line":12,"column":29},"end":{"line":12,"column":50}},"3":{"start":{"line":16,"column":29},"end":{"line":16,"column":57}},"4":{"start":{"line":19,"column":25},"end":{"line":19,"column":44}},"5":{"start":{"line":21,"column":29},"end":{"line":21,"column":50}},"6":{"start":{"line":24,"column":25},"end":{"line":24,"column":44}},"7":{"start":{"line":26,"column":29},"end":{"line":26,"column":50}}},"fnMap":{"0":{"name":"(anonymous_0)","decl":{"start":{"line":12,"column":19},"end":{"line":12,"column":20}},"loc":{"start":{"line":12,"column":29},"end":{"line":12,"column":50}}},"1":{"name":"(anonymous_1)","decl":{"start":{"line":16,"column":19},"end":{"line":16,"column":20}},"loc":{"start":{"line":16,"column":29},"end":{"line":16,"column":57}}},"2":{"name":"(anonymous_2)","decl":{"start":{"line":19,"column":16},"end":{"line":19,"column":17}},"loc":{"start":{"line":19,"column":25},"end":{"line":19,"column":44}}},"3":{"name":"(anonymous_3)","decl":{"start":{"line":21,"column":19},"end":{"line":21,"column":20}},"loc":{"start":{"line":21,"column":29},"end":{"line":21,"column":50}}},"4":{"name":"(anonymous_4)","decl":{"start":{"line":24,"column":16},"end":{"line":24,"column":17}},"loc":{"start":{"line":24,"column":25},"end":{"line":24,"column":44}}},"5":{"name":"(anonymous_5)","decl":{"start":{"line":26,"column":19},"end":{"line":26,"column":20}},"loc":{"start":{"line":26,"column":29},"end":{"line":26,"column":50}}}},"branchMap":{"0":{"loc":{"start":{"line":12,"column":29},"end":{"line":12,"column":50}},"type":"cond-expr","locations":[{"start":{"line":12,"column":35},"end":{"line":12,"column":46}},{"start":{"line":12,"column":49},"end":{"line":12,"column":50}}]},"1":{"loc":{"start":{"line":16,"column":29},"end":{"line":16,"column":57}},"type":"cond-expr","locations":[{"start":{"line":16,"column":35},"end":{"line":16,"column":46}},{"start":{"line":16,"column":49},"end":{"line":16,"column":57}}]},"2":{"loc":{"start":{"line":21,"column":29},"end":{"line":21,"column":50}},"type":"cond-expr","locations":[{"start":{"line":21,"column":35},"end":{"line":21,"column":46}},{"start":{"line":21,"column":49},"end":{"line":21,"column":50}}]},"3":{"loc":{"start":{"line":26,"column":29},"end":{"line":26,"column":50}},"type":"cond-expr","locations":[{"start":{"line":26,"column":35},"end":{"line":26,"column":46}},{"start":{"line":26,"column":49},"end":{"line":26,"column":50}}]}},"s":{"0":1,"1":1,"2":6,"3":6,"4":3,"5":5,"6":3,"7":5},"f":{"0":6,"1":6,"2":3,"3":5,"4":3,"5":5},"b":{"0":[2,4],"1":[2,4],"2":[2,3],"3":[2,3]}}
,"/home/toxicboy/Documents/projects/e-commerce/src/application/validate/SaveShopDto.ts": {"path":"/home/toxicboy/Documents/projects/e-commerce/src/application/validate/SaveShopDto.ts","statementMap":{"0":{"start":{"line":1,"column":0},"end":{"line":1,"column":23}},"1":{"start":{"line":2,"column":0},"end":{"line":2,"column":41}},"2":{"start":{"line":4,"column":13},"end":{"line":8,"column":null}}},"fnMap":{},"branchMap":{},"s":{"0":1,"1":1,"2":1},"f":{},"b":{}}
,"/home/toxicboy/Documents/projects/e-commerce/src/application/validate/UserDto.ts": {"path":"/home/toxicboy/Documents/projects/e-commerce/src/application/validate/UserDto.ts","statementMap":{"0":{"start":{"line":1,"column":0},"end":{"line":1,"column":23}},"1":{"start":{"line":3,"column":13},"end":{"line":7,"column":null}}},"fnMap":{},"branchMap":{},"s":{"0":1,"1":1},"f":{},"b":{}}
,"/home/toxicboy/Documents/projects/e-commerce/src/domain/entities/AddressEntities.ts": {"path":"/home/toxicboy/Documents/projects/e-commerce/src/domain/entities/AddressEntities.ts","statementMap":{"0":{"start":{"line":21,"column":8},"end":{"line":21,"column":null}},"1":{"start":{"line":21,"column":21},"end":{"line":21,"column":null}},"2":{"start":{"line":22,"column":8},"end":{"line":22,"column":null}},"3":{"start":{"line":22,"column":19},"end":{"line":22,"column":null}},"4":{"start":{"line":23,"column":8},"end":{"line":23,"column":null}},"5":{"start":{"line":23,"column":20},"end":{"line":23,"column":null}},"6":{"start":{"line":24,"column":8},"end":{"line":24,"column":null}},"7":{"start":{"line":24,"column":22},"end":{"line":24,"column":null}},"8":{"start":{"line":25,"column":8},"end":{"line":32,"column":9}},"9":{"start":{"line":29,"column":12},"end":{"line":31,"column":null}},"10":{"start":{"line":33,"column":8},"end":{"line":34,"column":null}},"11":{"start":{"line":34,"column":12},"end":{"line":34,"column":null}},"12":{"start":{"line":35,"column":8},"end":{"line":36,"column":null}},"13":{"start":{"line":36,"column":12},"end":{"line":36,"column":null}},"14":{"start":{"line":37,"column":8},"end":{"line":38,"column":null}},"15":{"start":{"line":38,"column":12},"end":{"line":38,"column":null}},"16":{"start":{"line":39,"column":8},"end":{"line":40,"column":null}},"17":{"start":{"line":40,"column":12},"end":{"line":40,"column":null}},"18":{"start":{"line":42,"column":8},"end":{"line":42,"column":null}},"19":{"start":{"line":43,"column":8},"end":{"line":43,"column":null}},"20":{"start":{"line":44,"column":8},"end":{"line":44,"column":null}},"21":{"start":{"line":45,"column":8},"end":{"line":45,"column":null}},"22":{"start":{"line":46,"column":8},"end":{"line":46,"column":null}},"23":{"start":{"line":1,"column":0},"end":{"line":1,"column":13}}},"fnMap":{"0":{"name":"(anonymous_0)","decl":{"start":{"line":8,"column":4},"end":{"line":8,"column":16}},"loc":{"start":{"line":20,"column":5},"end":{"line":47,"column":5}}}},"branchMap":{"0":{"loc":{"start":{"line":21,"column":8},"end":{"line":21,"column":null}},"type":"if","locations":[{"start":{"line":21,"column":8},"end":{"line":21,"column":null}}]},"1":{"loc":{"start":{"line":22,"column":8},"end":{"line":22,"column":null}},"type":"if","locations":[{"start":{"line":22,"column":8},"end":{"line":22,"column":null}}]},"2":{"loc":{"start":{"line":23,"column":8},"end":{"line":23,"column":null}},"type":"if","locations":[{"start":{"line":23,"column":8},"end":{"line":23,"column":null}}]},"3":{"loc":{"start":{"line":24,"column":8},"end":{"line":24,"column":null}},"type":"if","locations":[{"start":{"line":24,"column":8},"end":{"line":24,"column":null}}]},"4":{"loc":{"start":{"line":25,"column":8},"end":{"line":32,"column":9}},"type":"if","locations":[{"start":{"line":25,"column":8},"end":{"line":32,"column":9}}]},"5":{"loc":{"start":{"line":26,"column":12},"end":{"line":27,"column":44}},"type":"binary-expr","locations":[{"start":{"line":26,"column":12},"end":{"line":26,"column":42}},{"start":{"line":27,"column":12},"end":{"line":27,"column":44}}]},"6":{"loc":{"start":{"line":33,"column":8},"end":{"line":34,"column":null}},"type":"if","locations":[{"start":{"line":33,"column":8},"end":{"line":34,"column":null}}]},"7":{"loc":{"start":{"line":35,"column":8},"end":{"line":36,"column":null}},"type":"if","locations":[{"start":{"line":35,"column":8},"end":{"line":36,"column":null}}]},"8":{"loc":{"start":{"line":37,"column":8},"end":{"line":38,"column":null}},"type":"if","locations":[{"start":{"line":37,"column":8},"end":{"line":38,"column":null}}]},"9":{"loc":{"start":{"line":39,"column":8},"end":{"line":40,"column":null}},"type":"if","locations":[{"start":{"line":39,"column":8},"end":{"line":40,"column":null}}]}},"s":{"0":16,"1":2,"2":14,"3":2,"4":12,"5":2,"6":10,"7":2,"8":8,"9":3,"10":5,"11":1,"12":4,"13":1,"14":3,"15":1,"16":2,"17":1,"18":1,"19":1,"20":1,"21":1,"22":1,"23":1},"f":{"0":16},"b":{"0":[2],"1":[2],"2":[2],"3":[2],"4":[3],"5":[8,6],"6":[1],"7":[1],"8":[1],"9":[1]}}
,"/home/toxicboy/Documents/projects/e-commerce/src/domain/entities/CartEntities.ts": {"path":"/home/toxicboy/Documents/projects/e-commerce/src/domain/entities/CartEntities.ts","statementMap":{"0":{"start":{"line":1,"column":0},"end":{"line":1,"column":32}},"1":{"start":{"line":21,"column":8},"end":{"line":25,"column":9}},"2":{"start":{"line":22,"column":12},"end":{"line":24,"column":null}},"3":{"start":{"line":26,"column":8},"end":{"line":28,"column":9}},"4":{"start":{"line":27,"column":12},"end":{"line":27,"column":null}},"5":{"start":{"line":29,"column":8},"end":{"line":31,"column":9}},"6":{"start":{"line":30,"column":12},"end":{"line":30,"column":null}},"7":{"start":{"line":32,"column":8},"end":{"line":34,"column":9}},"8":{"start":{"line":33,"column":12},"end":{"line":33,"column":null}},"9":{"start":{"line":36,"column":8},"end":{"line":36,"column":null}},"10":{"start":{"line":37,"column":8},"end":{"line":37,"column":null}},"11":{"start":{"line":38,"column":8},"end":{"line":38,"column":null}},"12":{"start":{"line":39,"column":8},"end":{"line":39,"column":null}},"13":{"start":{"line":4,"column":0},"end":{"line":4,"column":13}}},"fnMap":{"0":{"name":"(anonymous_0)","decl":{"start":{"line":10,"column":4},"end":{"line":10,"column":16}},"loc":{"start":{"line":20,"column":5},"end":{"line":40,"column":5}}}},"branchMap":{"0":{"loc":{"start":{"line":21,"column":8},"end":{"line":25,"column":9}},"type":"if","locations":[{"start":{"line":21,"column":8},"end":{"line":25,"column":9}}]},"1":{"loc":{"start":{"line":21,"column":12},"end":{"line":21,"column":58}},"type":"binary-expr","locations":[{"start":{"line":21,"column":12},"end":{"line":21,"column":19}},{"start":{"line":21,"column":23},"end":{"line":21,"column":58}}]},"2":{"loc":{"start":{"line":26,"column":8},"end":{"line":28,"column":9}},"type":"if","locations":[{"start":{"line":26,"column":8},"end":{"line":28,"column":9}}]},"3":{"loc":{"start":{"line":29,"column":8},"end":{"line":31,"column":9}},"type":"if","locations":[{"start":{"line":29,"column":8},"end":{"line":31,"column":9}}]},"4":{"loc":{"start":{"line":32,"column":8},"end":{"line":34,"column":9}},"type":"if","locations":[{"start":{"line":32,"column":8},"end":{"line":34,"column":9}}]}},"s":{"0":1,"1":5,"2":1,"3":4,"4":1,"5":3,"6":1,"7":2,"8":1,"9":1,"10":1,"11":1,"12":1,"13":1},"f":{"0":5},"b":{"0":[1],"1":[5,4],"2":[1],"3":[1],"4":[1]}}
,"/home/toxicboy/Documents/projects/e-commerce/src/domain/entities/CartItemEntities.ts": {"path":"/home/toxicboy/Documents/projects/e-commerce/src/domain/entities/CartItemEntities.ts","statementMap":{"0":{"start":{"line":1,"column":0},"end":{"line":1,"column":32}},"1":{"start":{"line":17,"column":8},"end":{"line":21,"column":9}},"2":{"start":{"line":18,"column":12},"end":{"line":20,"column":null}},"3":{"start":{"line":22,"column":8},"end":{"line":24,"column":9}},"4":{"start":{"line":23,"column":12},"end":{"line":23,"column":null}},"5":{"start":{"line":25,"column":8},"end":{"line":27,"column":9}},"6":{"start":{"line":26,"column":12},"end":{"line":26,"column":null}},"7":{"start":{"line":28,"column":8},"end":{"line":30,"column":9}},"8":{"start":{"line":29,"column":12},"end":{"line":29,"column":null}},"9":{"start":{"line":31,"column":8},"end":{"line":33,"column":9}},"10":{"start":{"line":32,"column":12},"end":{"line":32,"column":null}},"11":{"start":{"line":34,"column":8},"end":{"line":36,"column":9}},"12":{"start":{"line":35,"column":12},"end":{"line":35,"column":null}},"13":{"start":{"line":37,"column":8},"end":{"line":39,"column":9}},"14":{"start":{"line":38,"column":12},"end":{"line":38,"column":null}},"15":{"start":{"line":41,"column":8},"end":{"line":41,"column":null}},"16":{"start":{"line":42,"column":8},"end":{"line":42,"column":null}},"17":{"start":{"line":43,"column":8},"end":{"line":43,"column":null}},"18":{"start":{"line":3,"column":0},"end":{"line":3,"column":13}}},"fnMap":{"0":{"name":"(anonymous_0)","decl":{"start":{"line":8,"column":4},"end":{"line":8,"column":16}},"loc":{"start":{"line":16,"column":5},"end":{"line":44,"column":5}}}},"branchMap":{"0":{"loc":{"start":{"line":17,"column":8},"end":{"line":21,"column":9}},"type":"if","locations":[{"start":{"line":17,"column":8},"end":{"line":21,"column":9}}]},"1":{"loc":{"start":{"line":17,"column":12},"end":{"line":17,"column":64}},"type":"binary-expr","locations":[{"start":{"line":17,"column":12},"end":{"line":17,"column":22}},{"start":{"line":17,"column":26},"end":{"line":17,"column":64}}]},"2":{"loc":{"start":{"line":22,"column":8},"end":{"line":24,"column":9}},"type":"if","locations":[{"start":{"line":22,"column":8},"end":{"line":24,"column":9}}]},"3":{"loc":{"start":{"line":22,"column":12},"end":{"line":22,"column":55}},"type":"binary-expr","locations":[{"start":{"line":22,"column":12},"end":{"line":22,"column":34}},{"start":{"line":22,"column":38},"end":{"line":22,"column":55}}]},"4":{"loc":{"start":{"line":25,"column":8},"end":{"line":27,"column":9}},"type":"if","locations":[{"start":{"line":25,"column":8},"end":{"line":27,"column":9}}]},"5":{"loc":{"start":{"line":28,"column":8},"end":{"line":30,"column":9}},"type":"if","locations":[{"start":{"line":28,"column":8},"end":{"line":30,"column":9}}]},"6":{"loc":{"start":{"line":31,"column":8},"end":{"line":33,"column":9}},"type":"if","locations":[{"start":{"line":31,"column":8},"end":{"line":33,"column":9}}]},"7":{"loc":{"start":{"line":31,"column":12},"end":{"line":31,"column":55}},"type":"binary-expr","locations":[{"start":{"line":31,"column":12},"end":{"line":31,"column":34}},{"start":{"line":31,"column":38},"end":{"line":31,"column":55}}]},"8":{"loc":{"start":{"line":34,"column":8},"end":{"line":36,"column":9}},"type":"if","locations":[{"start":{"line":34,"column":8},"end":{"line":36,"column":9}}]},"9":{"loc":{"start":{"line":37,"column":8},"end":{"line":39,"column":9}},"type":"if","locations":[{"start":{"line":37,"column":8},"end":{"line":39,"column":9}}]}},"s":{"0":1,"1":9,"2":1,"3":8,"4":1,"5":7,"6":2,"7":5,"8":1,"9":4,"10":1,"11":3,"12":1,"13":2,"14":1,"15":1,"16":1,"17":1,"18":1},"f":{"0":9},"b":{"0":[1],"1":[9,8],"2":[1],"3":[8,7],"4":[2],"5":[1],"6":[1],"7":[4,3],"8":[1],"9":[1]}}
,"/home/toxicboy/Documents/projects/e-commerce/src/domain/entities/CategoriesEntities.ts": {"path":"/home/toxicboy/Documents/projects/e-commerce/src/domain/entities/CategoriesEntities.ts","statementMap":{"0":{"start":{"line":12,"column":8},"end":{"line":19,"column":9}},"1":{"start":{"line":18,"column":12},"end":{"line":18,"column":null}},"2":{"start":{"line":21,"column":8},"end":{"line":28,"column":9}},"3":{"start":{"line":27,"column":12},"end":{"line":27,"column":null}},"4":{"start":{"line":30,"column":8},"end":{"line":30,"column":null}},"5":{"start":{"line":31,"column":8},"end":{"line":31,"column":null}},"6":{"start":{"line":1,"column":0},"end":{"line":1,"column":13}}},"fnMap":{"0":{"name":"(anonymous_0)","decl":{"start":{"line":5,"column":4},"end":{"line":5,"column":16}},"loc":{"start":{"line":11,"column":5},"end":{"line":32,"column":5}}}},"branchMap":{"0":{"loc":{"start":{"line":12,"column":8},"end":{"line":19,"column":9}},"type":"if","locations":[{"start":{"line":12,"column":8},"end":{"line":19,"column":9}}]},"1":{"loc":{"start":{"line":13,"column":12},"end":{"line":16,"column":24}},"type":"binary-expr","locations":[{"start":{"line":13,"column":12},"end":{"line":13,"column":30}},{"start":{"line":14,"column":12},"end":{"line":14,"column":25}},{"start":{"line":15,"column":12},"end":{"line":15,"column":36}},{"start":{"line":16,"column":12},"end":{"line":16,"column":24}}]},"2":{"loc":{"start":{"line":21,"column":8},"end":{"line":28,"column":9}},"type":"if","locations":[{"start":{"line":21,"column":8},"end":{"line":28,"column":9}}]},"3":{"loc":{"start":{"line":22,"column":12},"end":{"line":25,"column":29}},"type":"binary-expr","locations":[{"start":{"line":22,"column":12},"end":{"line":22,"column":38}},{"start":{"line":23,"column":12},"end":{"line":23,"column":33}},{"start":{"line":24,"column":12},"end":{"line":24,"column":44}},{"start":{"line":25,"column":12},"end":{"line":25,"column":29}}]}},"s":{"0":8,"1":3,"2":5,"3":4,"4":1,"5":1,"6":1},"f":{"0":8},"b":{"0":[3],"1":[8,8,7,6],"2":[4],"3":[5,5,4,3]}}
,"/home/toxicboy/Documents/projects/e-commerce/src/domain/entities/ImagesEntities.ts": {"path":"/home/toxicboy/Documents/projects/e-commerce/src/domain/entities/ImagesEntities.ts","statementMap":{"0":{"start":{"line":18,"column":8},"end":{"line":42,"column":9}},"1":{"start":{"line":19,"column":12},"end":{"line":19,"column":null}},"2":{"start":{"line":20,"column":15},"end":{"line":42,"column":9}},"3":{"start":{"line":25,"column":12},"end":{"line":25,"column":null}},"4":{"start":{"line":26,"column":15},"end":{"line":42,"column":9}},"5":{"start":{"line":27,"column":12},"end":{"line":27,"column":null}},"6":{"start":{"line":28,"column":15},"end":{"line":42,"column":9}},"7":{"start":{"line":33,"column":12},"end":{"line":33,"column":null}},"8":{"start":{"line":34,"column":15},"end":{"line":42,"column":9}},"9":{"start":{"line":35,"column":12},"end":{"line":35,"column":null}},"10":{"start":{"line":36,"column":15},"end":{"line":42,"column":9}},"11":{"start":{"line":37,"column":12},"end":{"line":37,"column":null}},"12":{"start":{"line":38,"column":15},"end":{"line":42,"column":9}},"13":{"start":{"line":39,"column":12},"end":{"line":39,"column":null}},"14":{"start":{"line":40,"column":14},"end":{"line":42,"column":9}},"15":{"start":{"line":41,"column":12},"end":{"line":41,"column":null}},"16":{"start":{"line":44,"column":8},"end":{"line":44,"column":null}},"17":{"start":{"line":45,"column":8},"end":{"line":45,"column":null}},"18":{"start":{"line":46,"column":8},"end":{"line":46,"column":null}},"19":{"start":{"line":47,"column":8},"end":{"line":47,"column":null}},"20":{"start":{"line":1,"column":0},"end":{"line":1,"column":13}}},"fnMap":{"0":{"name":"(anonymous_0)","decl":{"start":{"line":7,"column":4},"end":{"line":7,"column":16}},"loc":{"start":{"line":17,"column":5},"end":{"line":48,"column":5}}}},"branchMap":{"0":{"loc":{"start":{"line":18,"column":8},"end":{"line":42,"column":9}},"type":"if","locations":[{"start":{"line":18,"column":8},"end":{"line":42,"column":9}},{"start":{"line":20,"column":15},"end":{"line":42,"column":9}}]},"1":{"loc":{"start":{"line":18,"column":12},"end":{"line":18,"column":68}},"type":"binary-expr","locations":[{"start":{"line":18,"column":12},"end":{"line":18,"column":21}},{"start":{"line":18,"column":25},"end":{"line":18,"column":42}},{"start":{"line":18,"column":46},"end":{"line":18,"column":68}}]},"2":{"loc":{"start":{"line":20,"column":15},"end":{"line":42,"column":9}},"type":"if","locations":[{"start":{"line":20,"column":15},"end":{"line":42,"column":9}},{"start":{"line":26,"column":15},"end":{"line":42,"column":9}}]},"3":{"loc":{"start":{"line":21,"column":12},"end":{"line":23,"column":35}},"type":"binary-expr","locations":[{"start":{"line":21,"column":12},"end":{"line":21,"column":22}},{"start":{"line":22,"column":12},"end":{"line":22,"column":30}},{"start":{"line":23,"column":12},"end":{"line":23,"column":35}}]},"4":{"loc":{"start":{"line":26,"column":15},"end":{"line":42,"column":9}},"type":"if","locations":[{"start":{"line":26,"column":15},"end":{"line":42,"column":9}},{"start":{"line":28,"column":15},"end":{"line":42,"column":9}}]},"5":{"loc":{"start":{"line":26,"column":19},"end":{"line":26,"column":66}},"type":"binary-expr","locations":[{"start":{"line":26,"column":19},"end":{"line":26,"column":23}},{"start":{"line":26,"column":27},"end":{"line":26,"column":39}},{"start":{"line":26,"column":43},"end":{"line":26,"column":66}}]},"6":{"loc":{"start":{"line":28,"column":15},"end":{"line":42,"column":9}},"type":"if","locations":[{"start":{"line":28,"column":15},"end":{"line":42,"column":9}},{"start":{"line":34,"column":15},"end":{"line":42,"column":9}}]},"7":{"loc":{"start":{"line":29,"column":12},"end":{"line":31,"column":35}},"type":"binary-expr","locations":[{"start":{"line":29,"column":12},"end":{"line":29,"column":23}},{"start":{"line":30,"column":12},"end":{"line":30,"column":31}},{"start":{"line":31,"column":12},"end":{"line":31,"column":35}}]},"8":{"loc":{"start":{"line":34,"column":15},"end":{"line":42,"column":9}},"type":"if","locations":[{"start":{"line":34,"column":15},"end":{"line":42,"column":9}},{"start":{"line":36,"column":15},"end":{"line":42,"column":9}}]},"9":{"loc":{"start":{"line":36,"column":15},"end":{"line":42,"column":9}},"type":"if","locations":[{"start":{"line":36,"column":15},"end":{"line":42,"column":9}},{"start":{"line":38,"column":15},"end":{"line":42,"column":9}}]},"10":{"loc":{"start":{"line":38,"column":15},"end":{"line":42,"column":9}},"type":"if","locations":[{"start":{"line":38,"column":15},"end":{"line":42,"column":9}},{"start":{"line":40,"column":14},"end":{"line":42,"column":9}}]},"11":{"loc":{"start":{"line":40,"column":14},"end":{"line":42,"column":9}},"type":"if","locations":[{"start":{"line":40,"column":14},"end":{"line":42,"column":9}}]}},"s":{"0":8,"1":1,"2":7,"3":1,"4":6,"5":1,"6":5,"7":1,"8":4,"9":1,"10":3,"11":1,"12":2,"13":1,"14":1,"15":1,"16":0,"17":0,"18":0,"19":0,"20":1},"f":{"0":8},"b":{"0":[1,7],"1":[8,7,7],"2":[1,6],"3":[7,6,6],"4":[1,5],"5":[6,5,5],"6":[1,4],"7":[5,4,4],"8":[1,3],"9":[1,2],"10":[1,1],"11":[1]}}
}
