TN:
SF:src/application/validate/AddressDto.ts
FN:7,(anonymous_0)
FNF:1
FNH:1
FNDA:6,(anonymous_0)
DA:1,2
DA:3,2
DA:7,6
LF:3
LH:3
BRF:0
BRH:0
end_of_record
TN:
SF:src/application/validate/LoginDto.ts
FNF:0
FNH:0
DA:1,1
DA:3,1
LF:2
LH:2
BRF:0
BRH:0
end_of_record
TN:
SF:src/application/validate/QueryDto.ts
FN:12,(anonymous_0)
FN:16,(anonymous_1)
FN:19,(anonymous_2)
FN:21,(anonymous_3)
FN:24,(anonymous_4)
FN:26,(anonymous_5)
FNF:6
FNH:6
FNDA:6,(anonymous_0)
FNDA:6,(anonymous_1)
FNDA:3,(anonymous_2)
FNDA:5,(anonymous_3)
FNDA:3,(anonymous_4)
FNDA:5,(anonymous_5)
DA:1,1
DA:3,1
DA:12,6
DA:16,6
DA:19,3
DA:21,5
DA:24,3
DA:26,5
LF:8
LH:8
BRDA:12,0,0,2
BRDA:12,0,1,4
BRDA:16,1,0,2
BRDA:16,1,1,4
BRDA:21,2,0,2
BRDA:21,2,1,3
BRDA:26,3,0,2
BRDA:26,3,1,3
BRF:8
BRH:8
end_of_record
TN:
SF:src/application/validate/SaveShopDto.ts
FNF:0
FNH:0
DA:1,1
DA:2,1
DA:4,1
LF:3
LH:3
BRF:0
BRH:0
end_of_record
TN:
SF:src/application/validate/UserDto.ts
FNF:0
FNH:0
DA:1,1
DA:3,1
LF:2
LH:2
BRF:0
BRH:0
end_of_record
TN:
SF:src/domain/entities/AddressEntities.ts
FN:8,(anonymous_0)
FNF:1
FNH:1
FNDA:16,(anonymous_0)
DA:1,1
DA:21,16
DA:22,14
DA:23,12
DA:24,10
DA:25,8
DA:29,3
DA:33,5
DA:34,1
DA:35,4
DA:36,1
DA:37,3
DA:38,1
DA:39,2
DA:40,1
DA:42,1
DA:43,1
DA:44,1
DA:45,1
DA:46,1
LF:20
LH:20
BRDA:21,0,0,2
BRDA:22,1,0,2
BRDA:23,2,0,2
BRDA:24,3,0,2
BRDA:25,4,0,3
BRDA:26,5,0,8
BRDA:26,5,1,6
BRDA:33,6,0,1
BRDA:35,7,0,1
BRDA:37,8,0,1
BRDA:39,9,0,1
BRF:11
BRH:11
end_of_record
TN:
SF:src/domain/entities/CartEntities.ts
FN:10,(anonymous_0)
FNF:1
FNH:1
FNDA:5,(anonymous_0)
DA:1,1
DA:4,1
DA:21,5
DA:22,1
DA:26,4
DA:27,1
DA:29,3
DA:30,1
DA:32,2
DA:33,1
DA:36,1
DA:37,1
DA:38,1
DA:39,1
LF:14
LH:14
BRDA:21,0,0,1
BRDA:21,1,0,5
BRDA:21,1,1,4
BRDA:26,2,0,1
BRDA:29,3,0,1
BRDA:32,4,0,1
BRF:6
BRH:6
end_of_record
TN:
SF:src/domain/entities/CartItemEntities.ts
FN:8,(anonymous_0)
FNF:1
FNH:1
FNDA:9,(anonymous_0)
DA:1,1
DA:3,1
DA:17,9
DA:18,1
DA:22,8
DA:23,1
DA:25,7
DA:26,2
DA:28,5
DA:29,1
DA:31,4
DA:32,1
DA:34,3
DA:35,1
DA:37,2
DA:38,1
DA:41,1
DA:42,1
DA:43,1
LF:19
LH:19
BRDA:17,0,0,1
BRDA:17,1,0,9
BRDA:17,1,1,8
BRDA:22,2,0,1
BRDA:22,3,0,8
BRDA:22,3,1,7
BRDA:25,4,0,2
BRDA:28,5,0,1
BRDA:31,6,0,1
BRDA:31,7,0,4
BRDA:31,7,1,3
BRDA:34,8,0,1
BRDA:37,9,0,1
BRF:13
BRH:13
end_of_record
TN:
SF:src/domain/entities/CategoriesEntities.ts
FN:5,(anonymous_0)
FNF:1
FNH:1
FNDA:8,(anonymous_0)
DA:1,1
DA:12,8
DA:18,3
DA:21,5
DA:27,4
DA:30,1
DA:31,1
LF:7
LH:7
BRDA:12,0,0,3
BRDA:13,1,0,8
BRDA:13,1,1,8
BRDA:13,1,2,7
BRDA:13,1,3,6
BRDA:21,2,0,4
BRDA:22,3,0,5
BRDA:22,3,1,5
BRDA:22,3,2,4
BRDA:22,3,3,3
BRF:10
BRH:10
end_of_record
TN:
SF:src/domain/entities/ImagesEntities.ts
FN:7,(anonymous_0)
FNF:1
FNH:1
FNDA:8,(anonymous_0)
DA:1,1
DA:18,8
DA:19,1
DA:20,7
DA:25,1
DA:26,6
DA:27,1
DA:28,5
DA:33,1
DA:34,4
DA:35,1
DA:36,3
DA:37,1
DA:38,2
DA:39,1
DA:40,1
DA:41,1
DA:44,0
DA:45,0
DA:46,0
DA:47,0
LF:21
LH:17
BRDA:18,0,0,1
BRDA:18,0,1,7
BRDA:18,1,0,8
BRDA:18,1,1,7
BRDA:18,1,2,7
BRDA:20,2,0,1
BRDA:20,2,1,6
BRDA:21,3,0,7
BRDA:21,3,1,6
BRDA:21,3,2,6
BRDA:26,4,0,1
BRDA:26,4,1,5
BRDA:26,5,0,6
BRDA:26,5,1,5
BRDA:26,5,2,5
BRDA:28,6,0,1
BRDA:28,6,1,4
BRDA:29,7,0,5
BRDA:29,7,1,4
BRDA:29,7,2,4
BRDA:34,8,0,1
BRDA:34,8,1,3
BRDA:36,9,0,1
BRDA:36,9,1,2
BRDA:38,10,0,1
BRDA:38,10,1,1
BRDA:40,11,0,1
BRF:27
BRH:27
end_of_record
