TN:
SF:src/domain/entities/Products.ts
FN:20,(anonymous_0)
FNF:1
FNH:1
FNDA:1,(anonymous_0)
DA:10,1
DA:39,1
DA:40,1
DA:41,1
DA:42,1
DA:43,1
DA:44,1
DA:45,1
DA:46,1
LF:9
LH:9
BRF:0
BRH:0
end_of_record
TN:
SF:src/domain/usecase/product/ProductsUsecase.ts
FN:6,(anonymous_7)
FN:8,(anonymous_8)
FN:8,(anonymous_9)
FNF:3
FNH:3
FNDA:3,(anonymous_7)
FNDA:3,(anonymous_8)
FNDA:3,(anonymous_9)
DA:1,1
DA:5,1
DA:6,3
DA:8,3
DA:14,3
DA:15,1
DA:21,2
DA:22,1
DA:24,1
LF:9
LH:9
BRDA:14,0,0,1
BRDA:14,1,0,3
BRDA:14,1,1,3
BRDA:21,2,0,1
BRDA:21,3,0,2
BRDA:21,3,1,2
BRF:6
BRH:6
end_of_record
TN:
SF:src/domain/usecase/product/SaveProductUsecase.ts
FN:9,(anonymous_7)
FN:14,(anonymous_8)
FN:14,(anonymous_9)
FNF:3
FNH:3
FNDA:3,(anonymous_7)
FNDA:3,(anonymous_8)
FNDA:3,(anonymous_9)
DA:1,1
DA:3,1
DA:4,1
DA:8,1
DA:10,3
DA:11,3
DA:14,3
DA:23,3
DA:24,1
DA:26,2
DA:27,1
DA:30,1
DA:32,1
DA:38,1
LF:14
LH:14
BRDA:23,0,0,1
BRDA:26,1,0,1
BRF:2
BRH:2
end_of_record
TN:
SF:src/infrastructure/errors/HttpError.ts
FN:4,(anonymous_0)
FNF:1
FNH:1
FNDA:8,(anonymous_0)
DA:1,2
DA:5,8
DA:6,8
DA:7,8
DA:8,8
LF:5
LH:5
BRF:0
BRH:0
end_of_record
